# JRE version: OpenJDK Runtime Environment (17.0.6) (build 17.0.6+0-b2043.56-10027231)
# Java VM: OpenJDK 64-Bit Server VM (17.0.6+0-b2043.56-10027231, mixed mode, tiered, compressed oops, compressed class ptrs, g1 gc, windows-amd64)
GC Precious Log:
 CPUs: 8 total, 8 available
 Memory: 8100M
 Large Page Support: Disabled
 NUMA Support: Disabled
 Compressed Oops: Enabled (32-bit)
 Heap Region Size: 1M
 Heap Min Capacity: 8M
 Heap Initial Capacity: 128M
 Heap Max Capacity: 2026M
 Pre-touch: Disabled
 Parallel Workers: 8
 Concurrent Workers: 2
 Concurrent Refinement Workers: 8
 Periodic GC: Disabled
Heap:
 garbage-first heap   total 188416K, used 119732K [0x0000000081600000, 0x0000000100000000)
  region size 1024K, 2 young (2048K), 2 survivors (2048K)
 Metaspace       used 81376K, committed 81792K, reserved 1122304K
  class space    used 9018K, committed 9216K, reserved 1048576K
GC Heap History (20 events):
Event: 9.274 GC heap after
{Heap after GC invocations=22 (full 0):
 garbage-first heap   total 100352K, used 52355K [0x0000000081600000, 0x0000000100000000)
  region size 1024K, 3 young (3072K), 3 survivors (3072K)
 Metaspace       used 60230K, committed 60480K, reserved 1105920K
  class space    used 7167K, committed 7296K, reserved 1048576K
}
Event: 10.265 GC heap before
{Heap before GC invocations=22 (full 0):
 garbage-first heap   total 100352K, used 76931K [0x0000000081600000, 0x0000000100000000)
  region size 1024K, 28 young (28672K), 3 survivors (3072K)
 Metaspace       used 61512K, committed 61760K, reserved 1105920K
  class space    used 7262K, committed 7360K, reserved 1048576K
}
Event: 10.284 GC heap after
{Heap after GC invocations=23 (full 0):
 garbage-first heap   total 100352K, used 55930K [0x0000000081600000, 0x0000000100000000)
  region size 1024K, 4 young (4096K), 4 survivors (4096K)
 Metaspace       used 61512K, committed 61760K, reserved 1105920K
  class space    used 7262K, committed 7360K, reserved 1048576K
}
Event: 11.035 GC heap before
{Heap before GC invocations=24 (full 0):
 garbage-first heap   total 100352K, used 79482K [0x0000000081600000, 0x0000000100000000)
  region size 1024K, 27 young (27648K), 4 survivors (4096K)
 Metaspace       used 62138K, committed 62464K, reserved 1105920K
  class space    used 7281K, committed 7488K, reserved 1048576K
}
Event: 11.052 GC heap after
{Heap after GC invocations=25 (full 0):
 garbage-first heap   total 100352K, used 60309K [0x0000000081600000, 0x0000000100000000)
  region size 1024K, 4 young (4096K), 4 survivors (4096K)
 Metaspace       used 62138K, committed 62464K, reserved 1105920K
  class space    used 7281K, committed 7488K, reserved 1048576K
}
Event: 11.063 GC heap before
{Heap before GC invocations=25 (full 0):
 garbage-first heap   total 100352K, used 61333K [0x0000000081600000, 0x0000000100000000)
  region size 1024K, 5 young (5120K), 4 survivors (4096K)
 Metaspace       used 62144K, committed 62528K, reserved 1105920K
  class space    used 7281K, committed 7488K, reserved 1048576K
}
Event: 11.076 GC heap after
{Heap after GC invocations=26 (full 0):
 garbage-first heap   total 188416K, used 60729K [0x0000000081600000, 0x0000000100000000)
  region size 1024K, 1 young (1024K), 1 survivors (1024K)
 Metaspace       used 62144K, committed 62528K, reserved 1105920K
  class space    used 7281K, committed 7488K, reserved 1048576K
}
Event: 16.144 GC heap before
{Heap before GC invocations=26 (full 0):
 garbage-first heap   total 188416K, used 143673K [0x0000000081600000, 0x0000000100000000)
  region size 1024K, 80 young (81920K), 1 survivors (1024K)
 Metaspace       used 64945K, committed 65280K, reserved 1114112K
  class space    used 7427K, committed 7616K, reserved 1048576K
}
Event: 16.161 GC heap after
{Heap after GC invocations=27 (full 0):
 garbage-first heap   total 188416K, used 69892K [0x0000000081600000, 0x0000000100000000)
  region size 1024K, 8 young (8192K), 8 survivors (8192K)
 Metaspace       used 64945K, committed 65280K, reserved 1114112K
  class space    used 7427K, committed 7616K, reserved 1048576K
}
Event: 18.568 GC heap before
{Heap before GC invocations=27 (full 0):
 garbage-first heap   total 188416K, used 140548K [0x0000000081600000, 0x0000000100000000)
  region size 1024K, 76 young (77824K), 8 survivors (8192K)
 Metaspace       used 65429K, committed 65728K, reserved 1114112K
  class space    used 7453K, committed 7616K, reserved 1048576K
}
Event: 18.591 GC heap after
{Heap after GC invocations=28 (full 0):
 garbage-first heap   total 188416K, used 76511K [0x0000000081600000, 0x0000000100000000)
  region size 1024K, 7 young (7168K), 7 survivors (7168K)
 Metaspace       used 65429K, committed 65728K, reserved 1114112K
  class space    used 7453K, committed 7616K, reserved 1048576K
}
Event: 20.643 GC heap before
{Heap before GC invocations=28 (full 0):
 garbage-first heap   total 188416K, used 144095K [0x0000000081600000, 0x0000000100000000)
  region size 1024K, 73 young (74752K), 7 survivors (7168K)
 Metaspace       used 71843K, committed 72192K, reserved 1114112K
  class space    used 8044K, committed 8192K, reserved 1048576K
}
Event: 20.664 GC heap after
{Heap after GC invocations=29 (full 0):
 garbage-first heap   total 188416K, used 81478K [0x0000000081600000, 0x0000000100000000)
  region size 1024K, 5 young (5120K), 5 survivors (5120K)
 Metaspace       used 71843K, committed 72192K, reserved 1114112K
  class space    used 8044K, committed 8192K, reserved 1048576K
}
Event: 22.568 GC heap before
{Heap before GC invocations=29 (full 0):
 garbage-first heap   total 188416K, used 149062K [0x0000000081600000, 0x0000000100000000)
  region size 1024K, 71 young (72704K), 5 survivors (5120K)
 Metaspace       used 75211K, committed 75584K, reserved 1122304K
  class space    used 8429K, committed 8576K, reserved 1048576K
}
Event: 22.596 GC heap after
{Heap after GC invocations=30 (full 0):
 garbage-first heap   total 188416K, used 93769K [0x0000000081600000, 0x0000000100000000)
  region size 1024K, 9 young (9216K), 9 survivors (9216K)
 Metaspace       used 75211K, committed 75584K, reserved 1122304K
  class space    used 8429K, committed 8576K, reserved 1048576K
}
Event: 24.228 GC heap before
{Heap before GC invocations=30 (full 0):
 garbage-first heap   total 188416K, used 148041K [0x0000000081600000, 0x0000000100000000)
  region size 1024K, 62 young (63488K), 9 survivors (9216K)
 Metaspace       used 76605K, committed 76928K, reserved 1122304K
  class space    used 8541K, committed 8704K, reserved 1048576K
}
Event: 24.273 GC heap after
{Heap after GC invocations=31 (full 0):
 garbage-first heap   total 188416K, used 112999K [0x0000000081600000, 0x0000000100000000)
  region size 1024K, 8 young (8192K), 8 survivors (8192K)
 Metaspace       used 76605K, committed 76928K, reserved 1122304K
  class space    used 8541K, committed 8704K, reserved 1048576K
}
Event: 25.073 GC heap before
{Heap before GC invocations=31 (full 0):
 garbage-first heap   total 188416K, used 143719K [0x0000000081600000, 0x0000000100000000)
  region size 1024K, 38 young (38912K), 8 survivors (8192K)
 Metaspace       used 77541K, committed 77888K, reserved 1122304K
  class space    used 8616K, committed 8768K, reserved 1048576K
}
Event: 25.093 GC heap after
{Heap after GC invocations=32 (full 0):
 garbage-first heap   total 188416K, used 118065K [0x0000000081600000, 0x0000000100000000)
  region size 1024K, 4 young (4096K), 4 survivors (4096K)
 Metaspace       used 77541K, committed 77888K, reserved 1122304K
  class space    used 8616K, committed 8768K, reserved 1048576K
}
Event: 26.140 GC heap before
{Heap before GC invocations=32 (full 0):
 garbage-first heap   total 188416K, used 147761K [0x0000000081600000, 0x0000000100000000)
  region size 1024K, 33 young (33792K), 4 survivors (4096K)
 Metaspace       used 81376K, committed 81792K, reserved 1122304K
  class space    used 9018K, committed 9216K, reserved 1048576K
}

